0 info it worked if it ends with ok
1 verbose cli [ 'C:\\Program Files\\nodejs\\node.exe',
1 verbose cli   'C:\\Users\\Jérémy\\AppData\\Roaming\\npm\\node_modules\\npm\\bin\\npm-cli.js',
1 verbose cli   'start' ]
2 info using npm@3.5.1
3 info using node@v5.2.0
4 verbose run-script [ 'prestart', 'start', 'poststart' ]
5 info lifecycle AutolibAPI@0.0.0~prestart: AutolibAPI@0.0.0
6 silly lifecycle AutolibAPI@0.0.0~prestart: no script for prestart, continuing
7 info lifecycle AutolibAPI@0.0.0~start: AutolibAPI@0.0.0
8 verbose lifecycle AutolibAPI@0.0.0~start: unsafe-perm in lifecycle true
9 verbose lifecycle AutolibAPI@0.0.0~start: PATH: C:\Users\Jérémy\AppData\Roaming\npm\node_modules\npm\bin\node-gyp-bin;c:\AutolibAPI\node_modules\.bin;C:\Users\Jérémy\Desktop\Commande\bin;C:\Program Files\Git\bin;C:\Program Files\Git\usr\bin;C:\Program Files\Git\share\vim\vim74;C:\Users\Jérémy\Desktop\Commande\vendor\conemu-maximus5;C:\Users\Jérémy\Desktop\Commande\vendor\conemu-maximus5\ConEmu;C:\ProgramData\Oracle\Java\javapath;C:\Program Files (x86)\Intel\iCLS Client\;C:\Program Files\Intel\iCLS Client\;C:\Windows\system32;C:\Windows;C:\Windows\System32\Wbem;C:\Windows\System32\WindowsPowerShell\v1.0\;C:\Program Files (x86)\Acer\abFiles\;C:\Program Files\Intel\Intel(R) Management Engine Components\DAL;C:\Program Files (x86)\Intel\Intel(R) Management Engine Components\DAL;C:\Program Files\Intel\Intel(R) Management Engine Components\IPT;C:\Program Files (x86)\Intel\Intel(R) Management Engine Components\IPT;C:\Program Files\Intel\WiFi\bin\;C:\Program Files\Common Files\Intel\WirelessCommon\;C:\WINDOWS\system32;C:\WINDOWS;C:\WINDOWS\System32\Wbem;C:\WINDOWS\System32\WindowsPowerShell\v1.0\;C:\Users\Jérémy\AppData\Roaming\npm;C:\adb;C:\xampp\php;C:\ProgramData\ComposerSetup\bin;C:\Program Files\Git\cmd;C:\Program Files\nodejs\;C:\Program Files (x86)\Brackets\command;C:\Users\Jérémy\AppData\Roaming\npm;C:\Users\Jérémy\Desktop\Commande
10 verbose lifecycle AutolibAPI@0.0.0~start: CWD: c:\AutolibAPI
11 silly lifecycle AutolibAPI@0.0.0~start: Args: [ '/d /s /c', 'node ./bin/www' ]
12 silly lifecycle AutolibAPI@0.0.0~start: Returned: code: 1  signal: null
13 info lifecycle AutolibAPI@0.0.0~start: Failed to exec start script
14 verbose stack Error: AutolibAPI@0.0.0 start: `node ./bin/www`
14 verbose stack Exit status 1
14 verbose stack     at EventEmitter.<anonymous> (C:\Users\Jérémy\AppData\Roaming\npm\node_modules\npm\lib\utils\lifecycle.js:232:16)
14 verbose stack     at emitTwo (events.js:88:13)
14 verbose stack     at EventEmitter.emit (events.js:173:7)
14 verbose stack     at ChildProcess.<anonymous> (C:\Users\Jérémy\AppData\Roaming\npm\node_modules\npm\lib\utils\spawn.js:24:14)
14 verbose stack     at emitTwo (events.js:88:13)
14 verbose stack     at ChildProcess.emit (events.js:173:7)
14 verbose stack     at maybeClose (internal/child_process.js:819:16)
14 verbose stack     at Process.ChildProcess._handle.onexit (internal/child_process.js:212:5)
15 verbose pkgid AutolibAPI@0.0.0
16 verbose cwd c:\AutolibAPI
17 error Windows_NT 10.0.10240
18 error argv "C:\\Program Files\\nodejs\\node.exe" "C:\\Users\\Jérémy\\AppData\\Roaming\\npm\\node_modules\\npm\\bin\\npm-cli.js" "start"
19 error node v5.2.0
20 error npm  v3.5.1
21 error code ELIFECYCLE
22 error AutolibAPI@0.0.0 start: `node ./bin/www`
22 error Exit status 1
23 error Failed at the AutolibAPI@0.0.0 start script 'node ./bin/www'.
23 error Make sure you have the latest version of node.js and npm installed.
23 error If you do, this is most likely a problem with the AutolibAPI package,
23 error not with npm itself.
23 error Tell the author that this fails on your system:
23 error     node ./bin/www
23 error You can get information on how to open an issue for this project with:
23 error     npm bugs AutolibAPI
23 error Or if that isn't available, you can get their info via:
23 error     npm owner ls AutolibAPI
23 error There is likely additional logging output above.
24 verbose exit [ 1, true ]
